<?xml version="1.0" encoding="UTF-8"?>
<testsuite xmlns:xsi="http://www.w3.org/2001/XMLSchema-instance" xsi:noNamespaceSchemaLocation="https://maven.apache.org/surefire/maven-surefire-plugin/xsd/surefire-test-report-3.0.xsd" version="3.0" name="Entities_Controllers.DaltonSystemTest" time="16.993" tests="4" errors="1" skipped="0" failures="0">
  <properties>
[...]
</properties>
  <testcase name="createAndGetEnemy" classname="Entities_Controllers.DaltonSystemTest" time="2.466">
    <system-out><![CDATA[00:24:33.858 [main] INFO org.springframework.test.context.support.AnnotationConfigContextLoaderUtils -- Could not detect default configuration classes for test class [Entities_Controllers.DaltonSystemTest]: DaltonSystemTest does not declare any static, non-private, non-final, nested classes annotated with @Configuration.
00:24:34.159 [main] INFO org.springframework.boot.test.context.SpringBootTestContextBootstrapper -- Found @SpringBootConfiguration Entities_Controllers.Main for test class Entities_Controllers.DaltonSystemTest

  .   ____          _            __ _ _
 /\\ / ___'_ __ _ _(_)_ __  __ _ \ \ \ \
( ( )\___ | '_ | '_| | '_ \/ _` | \ \ \ \
 \\/  ___)| |_)| | | | | || (_| |  ) ) ) )
  '  |____| .__|_| |_|_| |_\__, | / / / /
 =========|_|==============|___/=/_/_/_/
 :: Spring Boot ::                (v3.1.4)

2024-04-28T00:24:35.288-05:00  INFO 3048 --- [           main] Entities_Controllers.DaltonSystemTest    : Starting DaltonSystemTest using Java 19.0.1 with PID 3048 (started by clark in C:\Users\clark\mr2_8\Backend\ComS309Tables)
2024-04-28T00:24:35.291-05:00  INFO 3048 --- [           main] Entities_Controllers.DaltonSystemTest    : No active profile set, falling back to 1 default profile: "default"
2024-04-28T00:24:37.248-05:00  INFO 3048 --- [           main] .s.d.r.c.RepositoryConfigurationDelegate : Bootstrapping Spring Data JPA repositories in DEFAULT mode.
2024-04-28T00:24:37.524-05:00  INFO 3048 --- [           main] .s.d.r.c.RepositoryConfigurationDelegate : Finished Spring Data repository scanning in 251 ms. Found 10 JPA repository interfaces.
2024-04-28T00:24:39.052-05:00  INFO 3048 --- [           main] o.s.b.w.embedded.tomcat.TomcatWebServer  : Tomcat initialized with port(s): 8080 (http)
2024-04-28T00:24:39.074-05:00  INFO 3048 --- [           main] o.apache.catalina.core.StandardService   : Starting service [Tomcat]
2024-04-28T00:24:39.075-05:00  INFO 3048 --- [           main] o.apache.catalina.core.StandardEngine    : Starting Servlet engine: [Apache Tomcat/10.1.13]
2024-04-28T00:24:39.400-05:00  INFO 3048 --- [           main] o.a.c.c.C.[Tomcat].[localhost].[/]       : Initializing Spring embedded WebApplicationContext
2024-04-28T00:24:39.403-05:00  INFO 3048 --- [           main] w.s.c.ServletWebServerApplicationContext : Root WebApplicationContext: initialization completed in 4050 ms
2024-04-28T00:24:39.894-05:00  INFO 3048 --- [           main] o.hibernate.jpa.internal.util.LogHelper  : HHH000204: Processing PersistenceUnitInfo [name: default]
2024-04-28T00:24:40.078-05:00  INFO 3048 --- [           main] org.hibernate.Version                    : HHH000412: Hibernate ORM core version 6.2.9.Final
2024-04-28T00:24:40.085-05:00  INFO 3048 --- [           main] org.hibernate.cfg.Environment            : HHH000406: Using bytecode reflection optimizer
2024-04-28T00:24:40.574-05:00  INFO 3048 --- [           main] o.h.b.i.BytecodeProviderInitiator        : HHH000021: Bytecode provider name : bytebuddy
2024-04-28T00:24:40.990-05:00  INFO 3048 --- [           main] o.s.o.j.p.SpringPersistenceUnitInfo      : No LoadTimeWeaver setup: ignoring JPA class transformer
2024-04-28T00:24:41.039-05:00  INFO 3048 --- [           main] com.zaxxer.hikari.HikariDataSource       : HikariPool-1 - Starting...
2024-04-28T00:24:41.494-05:00  INFO 3048 --- [           main] com.zaxxer.hikari.pool.HikariPool        : HikariPool-1 - Added connection com.mysql.cj.jdbc.ConnectionImpl@29f3185c
2024-04-28T00:24:41.498-05:00  INFO 3048 --- [           main] com.zaxxer.hikari.HikariDataSource       : HikariPool-1 - Start completed.
2024-04-28T00:24:41.597-05:00  WARN 3048 --- [           main] org.hibernate.dialect.Dialect            : HHH000511: The 5.5.0 version for [org.hibernate.dialect.MySQLDialect] is no longer supported, hence certain features may not work properly. The minimum supported version is 5.7.0. Check the community dialects project for available legacy versions.
2024-04-28T00:24:42.322-05:00  INFO 3048 --- [           main] o.h.b.i.BytecodeProviderInitiator        : HHH000021: Bytecode provider name : bytebuddy
2024-04-28T00:24:44.334-05:00  INFO 3048 --- [           main] o.h.e.t.j.p.i.JtaPlatformInitiator       : HHH000490: Using JtaPlatform implementation: [org.hibernate.engine.transaction.jta.platform.internal.NoJtaPlatform]
2024-04-28T00:24:44.785-05:00  INFO 3048 --- [           main] j.LocalContainerEntityManagerFactoryBean : Initialized JPA EntityManagerFactory for persistence unit 'default'
2024-04-28T00:24:46.445-05:00  WARN 3048 --- [           main] JpaBaseConfiguration$JpaWebConfiguration : spring.jpa.open-in-view is enabled by default. Therefore, database queries may be performed during view rendering. Explicitly configure spring.jpa.open-in-view to disable this warning
2024-04-28T00:24:47.592-05:00  INFO 3048 --- [           main] o.s.b.w.embedded.tomcat.TomcatWebServer  : Tomcat started on port(s): 8080 (http) with context path ''
2024-04-28T00:24:47.613-05:00  INFO 3048 --- [           main] Entities_Controllers.DaltonSystemTest    : Started DaltonSystemTest in 13.028 seconds (process running for 15.642)
2024-04-28T00:24:49.127-05:00  INFO 3048 --- [nio-8080-exec-1] o.a.c.c.C.[Tomcat].[localhost].[/]       : Initializing Spring DispatcherServlet 'dispatcherServlet'
2024-04-28T00:24:49.127-05:00  INFO 3048 --- [nio-8080-exec-1] o.s.web.servlet.DispatcherServlet        : Initializing Servlet 'dispatcherServlet'
2024-04-28T00:24:49.130-05:00  INFO 3048 --- [nio-8080-exec-1] o.s.web.servlet.DispatcherServlet        : Completed initialization in 1 ms
Hibernate: insert into enemy (attack,defense,flashcard_id,health,name,teacher_id) values (?,?,?,?,?,?)
Hibernate: select e1_0.id,e1_0.attack,e1_0.defense,e1_0.flashcard_id,e1_0.health,e1_0.name,e1_0.teacher_id from enemy e1_0 where e1_0.id=?
Hibernate: select b1_0.boss_id,b1_0.id,b1_0.large_enemies_count,b1_0.small_enemies_count from battle b1_0 where b1_0.boss_id=?
Hibernate: select e1_0.id,e1_0.attack,e1_0.defense,e1_0.flashcard_id,e1_0.health,e1_0.name,e1_0.teacher_id from enemy e1_0 where e1_0.id=?
Hibernate: select b1_0.boss_id,b1_0.id,b1_0.large_enemies_count,b1_0.small_enemies_count from battle b1_0 where b1_0.boss_id=?
Hibernate: select e1_0.id,e1_0.attack,e1_0.defense,e1_0.flashcard_id,e1_0.health,e1_0.name,e1_0.teacher_id from enemy e1_0 where e1_0.id=?
Hibernate: select b1_0.boss_id,b1_0.id,b1_0.large_enemies_count,b1_0.small_enemies_count from battle b1_0 where b1_0.boss_id=?
Hibernate: select e1_0.id,e1_0.attack,e1_0.defense,e1_0.flashcard_id,e1_0.health,e1_0.name,e1_0.teacher_id from enemy e1_0 where e1_0.id=?
Hibernate: select b1_0.boss_id,b1_0.id,b1_0.large_enemies_count,b1_0.small_enemies_count from battle b1_0 where b1_0.boss_id=?
]]></system-out>
  </testcase>
  <testcase name="createAndGetFlashcard" classname="Entities_Controllers.DaltonSystemTest" time="0.124">
    <system-out><![CDATA[Hibernate: insert into flashcard (answer,option1,option2,option3,question) values (?,?,?,?,?)
Hibernate: select f1_0.id,f1_0.answer,f1_0.option1,f1_0.option2,f1_0.option3,f1_0.question from flashcard f1_0 where f1_0.id=?
Hibernate: select e1_0.flashcard_id,e1_0.id,e1_0.attack,e1_0.defense,e1_0.health,e1_0.name,t1_0.id,t1_0.name,t1_0.password from enemy e1_0 left join teacher t1_0 on t1_0.id=e1_0.teacher_id where e1_0.flashcard_id=?
Hibernate: select f1_0.id,f1_0.answer,f1_0.option1,f1_0.option2,f1_0.option3,f1_0.question from flashcard f1_0 where f1_0.id=?
Hibernate: select e1_0.flashcard_id,e1_0.id,e1_0.attack,e1_0.defense,e1_0.health,e1_0.name,t1_0.id,t1_0.name,t1_0.password from enemy e1_0 left join teacher t1_0 on t1_0.id=e1_0.teacher_id where e1_0.flashcard_id=?
Hibernate: select f1_0.id,f1_0.answer,f1_0.option1,f1_0.option2,f1_0.option3,f1_0.question from flashcard f1_0 where f1_0.id=?
Hibernate: select e1_0.flashcard_id,e1_0.id,e1_0.attack,e1_0.defense,e1_0.health,e1_0.name,t1_0.id,t1_0.name,t1_0.password from enemy e1_0 left join teacher t1_0 on t1_0.id=e1_0.teacher_id where e1_0.flashcard_id=?
Hibernate: select f1_0.id,f1_0.answer,f1_0.option1,f1_0.option2,f1_0.option3,f1_0.question from flashcard f1_0 where f1_0.id=?
Hibernate: select e1_0.flashcard_id,e1_0.id,e1_0.attack,e1_0.defense,e1_0.health,e1_0.name,t1_0.id,t1_0.name,t1_0.password from enemy e1_0 left join teacher t1_0 on t1_0.id=e1_0.teacher_id where e1_0.flashcard_id=?
Hibernate: select f1_0.id,f1_0.answer,f1_0.option1,f1_0.option2,f1_0.option3,f1_0.question from flashcard f1_0 where f1_0.id=?
Hibernate: select e1_0.flashcard_id,e1_0.id,e1_0.attack,e1_0.defense,e1_0.health,e1_0.name,t1_0.id,t1_0.name,t1_0.password from enemy e1_0 left join teacher t1_0 on t1_0.id=e1_0.teacher_id where e1_0.flashcard_id=?
]]></system-out>
  </testcase>
  <testcase name="createAndGetClassroom" classname="Entities_Controllers.DaltonSystemTest" time="0.103">
    <system-out><![CDATA[Hibernate: select c1_0.id,c1_0.code,c1_0.name,c1_0.teacher_id from classroom c1_0 where c1_0.code=?
Hibernate: insert into classroom (code,name,teacher_id) values (?,?,?)
Hibernate: select c1_0.id,c1_0.code,c1_0.name,c1_0.teacher_id from classroom c1_0 where c1_0.id=?
Hibernate: select s1_0.classroom_id,s1_0.id,m1_0.id,m1_0.health,m1_0.seed,s2_0.id,s2_0.name,s2_0.password from classroom_registration s1_0 left join map m1_0 on s1_0.id=m1_0.classroom_registration_id left join student s2_0 on s2_0.id=s1_0.student_id where s1_0.classroom_id=?
Hibernate: select c1_0.id,c1_0.code,c1_0.name,c1_0.teacher_id from classroom c1_0 where c1_0.id=?
Hibernate: select s1_0.classroom_id,s1_0.id,m1_0.id,m1_0.health,m1_0.seed,s2_0.id,s2_0.name,s2_0.password from classroom_registration s1_0 left join map m1_0 on s1_0.id=m1_0.classroom_registration_id left join student s2_0 on s2_0.id=s1_0.student_id where s1_0.classroom_id=?
]]></system-out>
  </testcase>
  <testcase name="createAndGetStudent" classname="Entities_Controllers.DaltonSystemTest" time="0.051">
    <error message="Cannot invoke &quot;Entities_Controllers.Students.Student.getName()&quot; because the return value of &quot;org.springframework.boot.test.web.client.TestRestTemplate.getForObject(String, java.lang.Class, Object[])&quot; is null" type="java.lang.NullPointerException"><![CDATA[java.lang.NullPointerException: Cannot invoke "Entities_Controllers.Students.Student.getName()" because the return value of "org.springframework.boot.test.web.client.TestRestTemplate.getForObject(String, java.lang.Class, Object[])" is null
	at Entities_Controllers.DaltonSystemTest.createAndGetStudent(DaltonSystemTest.java:32)
	at java.base/jdk.internal.reflect.DirectMethodHandleAccessor.invoke(DirectMethodHandleAccessor.java:104)
	at java.base/java.lang.reflect.Method.invoke(Method.java:578)
	at org.junit.platform.commons.util.ReflectionUtils.invokeMethod(ReflectionUtils.java:727)
	at org.junit.jupiter.engine.execution.MethodInvocation.proceed(MethodInvocation.java:60)
	at org.junit.jupiter.engine.execution.InvocationInterceptorChain$ValidatingInvocation.proceed(InvocationInterceptorChain.java:131)
	at org.junit.jupiter.engine.extension.TimeoutExtension.intercept(TimeoutExtension.java:156)
	at org.junit.jupiter.engine.extension.TimeoutExtension.interceptTestableMethod(TimeoutExtension.java:147)
	at org.junit.jupiter.engine.extension.TimeoutExtension.interceptTestMethod(TimeoutExtension.java:86)
	at org.junit.jupiter.engine.execution.InterceptingExecutableInvoker$ReflectiveInterceptorCall.lambda$ofVoidMethod$0(InterceptingExecutableInvoker.java:103)
	at org.junit.jupiter.engine.execution.InterceptingExecutableInvoker.lambda$invoke$0(InterceptingExecutableInvoker.java:93)
	at org.junit.jupiter.engine.execution.InvocationInterceptorChain$InterceptedInvocation.proceed(InvocationInterceptorChain.java:106)
	at org.junit.jupiter.engine.execution.InvocationInterceptorChain.proceed(InvocationInterceptorChain.java:64)
	at org.junit.jupiter.engine.execution.InvocationInterceptorChain.chainAndInvoke(InvocationInterceptorChain.java:45)
	at org.junit.jupiter.engine.execution.InvocationInterceptorChain.invoke(InvocationInterceptorChain.java:37)
	at org.junit.jupiter.engine.execution.InterceptingExecutableInvoker.invoke(InterceptingExecutableInvoker.java:92)
	at org.junit.jupiter.engine.execution.InterceptingExecutableInvoker.invoke(InterceptingExecutableInvoker.java:86)
	at org.junit.jupiter.engine.descriptor.TestMethodTestDescriptor.lambda$invokeTestMethod$7(TestMethodTestDescriptor.java:217)
	at org.junit.platform.engine.support.hierarchical.ThrowableCollector.execute(ThrowableCollector.java:73)
	at org.junit.jupiter.engine.descriptor.TestMethodTestDescriptor.invokeTestMethod(TestMethodTestDescriptor.java:213)
	at org.junit.jupiter.engine.descriptor.TestMethodTestDescriptor.execute(TestMethodTestDescriptor.java:138)
	at org.junit.jupiter.engine.descriptor.TestMethodTestDescriptor.execute(TestMethodTestDescriptor.java:68)
	at org.junit.platform.engine.support.hierarchical.NodeTestTask.lambda$executeRecursively$6(NodeTestTask.java:151)
	at org.junit.platform.engine.support.hierarchical.ThrowableCollector.execute(ThrowableCollector.java:73)
	at org.junit.platform.engine.support.hierarchical.NodeTestTask.lambda$executeRecursively$8(NodeTestTask.java:141)
	at org.junit.platform.engine.support.hierarchical.Node.around(Node.java:137)
	at org.junit.platform.engine.support.hierarchical.NodeTestTask.lambda$executeRecursively$9(NodeTestTask.java:139)
	at org.junit.platform.engine.support.hierarchical.ThrowableCollector.execute(ThrowableCollector.java:73)
	at org.junit.platform.engine.support.hierarchical.NodeTestTask.executeRecursively(NodeTestTask.java:138)
	at org.junit.platform.engine.support.hierarchical.NodeTestTask.execute(NodeTestTask.java:95)
	at java.base/java.util.ArrayList.forEach(ArrayList.java:1511)
	at org.junit.platform.engine.support.hierarchical.SameThreadHierarchicalTestExecutorService.invokeAll(SameThreadHierarchicalTestExecutorService.java:41)
	at org.junit.platform.engine.support.hierarchical.NodeTestTask.lambda$executeRecursively$6(NodeTestTask.java:155)
	at org.junit.platform.engine.support.hierarchical.ThrowableCollector.execute(ThrowableCollector.java:73)
	at org.junit.platform.engine.support.hierarchical.NodeTestTask.lambda$executeRecursively$8(NodeTestTask.java:141)
	at org.junit.platform.engine.support.hierarchical.Node.around(Node.java:137)
	at org.junit.platform.engine.support.hierarchical.NodeTestTask.lambda$executeRecursively$9(NodeTestTask.java:139)
	at org.junit.platform.engine.support.hierarchical.ThrowableCollector.execute(ThrowableCollector.java:73)
	at org.junit.platform.engine.support.hierarchical.NodeTestTask.executeRecursively(NodeTestTask.java:138)
	at org.junit.platform.engine.support.hierarchical.NodeTestTask.execute(NodeTestTask.java:95)
	at java.base/java.util.ArrayList.forEach(ArrayList.java:1511)
	at org.junit.platform.engine.support.hierarchical.SameThreadHierarchicalTestExecutorService.invokeAll(SameThreadHierarchicalTestExecutorService.java:41)
	at org.junit.platform.engine.support.hierarchical.NodeTestTask.lambda$executeRecursively$6(NodeTestTask.java:155)
	at org.junit.platform.engine.support.hierarchical.ThrowableCollector.execute(ThrowableCollector.java:73)
	at org.junit.platform.engine.support.hierarchical.NodeTestTask.lambda$executeRecursively$8(NodeTestTask.java:141)
	at org.junit.platform.engine.support.hierarchical.Node.around(Node.java:137)
	at org.junit.platform.engine.support.hierarchical.NodeTestTask.lambda$executeRecursively$9(NodeTestTask.java:139)
	at org.junit.platform.engine.support.hierarchical.ThrowableCollector.execute(ThrowableCollector.java:73)
	at org.junit.platform.engine.support.hierarchical.NodeTestTask.executeRecursively(NodeTestTask.java:138)
	at org.junit.platform.engine.support.hierarchical.NodeTestTask.execute(NodeTestTask.java:95)
	at org.junit.platform.engine.support.hierarchical.SameThreadHierarchicalTestExecutorService.submit(SameThreadHierarchicalTestExecutorService.java:35)
	at org.junit.platform.engine.support.hierarchical.HierarchicalTestExecutor.execute(HierarchicalTestExecutor.java:57)
	at org.junit.platform.engine.support.hierarchical.HierarchicalTestEngine.execute(HierarchicalTestEngine.java:54)
	at org.junit.platform.launcher.core.EngineExecutionOrchestrator.execute(EngineExecutionOrchestrator.java:147)
	at org.junit.platform.launcher.core.EngineExecutionOrchestrator.execute(EngineExecutionOrchestrator.java:127)
	at org.junit.platform.launcher.core.EngineExecutionOrchestrator.execute(EngineExecutionOrchestrator.java:90)
	at org.junit.platform.launcher.core.EngineExecutionOrchestrator.lambda$execute$0(EngineExecutionOrchestrator.java:55)
	at org.junit.platform.launcher.core.EngineExecutionOrchestrator.withInterceptedStreams(EngineExecutionOrchestrator.java:102)
	at org.junit.platform.launcher.core.EngineExecutionOrchestrator.execute(EngineExecutionOrchestrator.java:54)
	at org.junit.platform.launcher.core.DefaultLauncher.execute(DefaultLauncher.java:114)
	at org.junit.platform.launcher.core.DefaultLauncher.execute(DefaultLauncher.java:86)
	at org.junit.platform.launcher.core.DefaultLauncherSession$DelegatingLauncher.execute(DefaultLauncherSession.java:86)
	at org.apache.maven.surefire.junitplatform.LazyLauncher.execute(LazyLauncher.java:50)
	at org.apache.maven.surefire.junitplatform.JUnitPlatformProvider.execute(JUnitPlatformProvider.java:184)
	at org.apache.maven.surefire.junitplatform.JUnitPlatformProvider.invokeAllTests(JUnitPlatformProvider.java:148)
	at org.apache.maven.surefire.junitplatform.JUnitPlatformProvider.invoke(JUnitPlatformProvider.java:122)
	at org.apache.maven.surefire.booter.ForkedBooter.runSuitesInProcess(ForkedBooter.java:385)
	at org.apache.maven.surefire.booter.ForkedBooter.execute(ForkedBooter.java:162)
	at org.apache.maven.surefire.booter.ForkedBooter.run(ForkedBooter.java:507)
	at org.apache.maven.surefire.booter.ForkedBooter.main(ForkedBooter.java:495)
]]></error>
    <system-out><![CDATA[Hibernate: select s1_0.id,s1_0.name,s1_0.password from student s1_0 where s1_0.name=?
Hibernate: select s1_0.id,s1_0.name,s1_0.password from student s1_0 where s1_0.id=?
]]></system-out>
  </testcase>
</testsuite>